  Kurs_work.cpp
C:\Users\playe\source\repos\Kurs_work\Paint.h(64,32): warning C4244: =: преобразование "double" в "int", возможна потеря данных
C:\Users\playe\source\repos\Kurs_work\Paint.h(74,32): warning C4244: =: преобразование "double" в "int", возможна потеря данных
C:\Users\playe\source\repos\Kurs_work\Paint.h(179,65): warning C4244: аргумент: преобразование "double" в "int", возможна потеря данных
C:\Users\playe\source\repos\Kurs_work\Paint.h(179,28): warning C4244: аргумент: преобразование "double" в "int", возможна потеря данных
C:\Users\playe\source\repos\Kurs_work\Kurs_work.cpp(154,82): warning C4244: аргумент: преобразование "double" в "int", возможна потеря данных
C:\Users\playe\source\repos\Kurs_work\Kurs_work.cpp(154,64): warning C4244: аргумент: преобразование "double" в "int", возможна потеря данных
C:\Users\playe\source\repos\Kurs_work\Kurs_work.cpp(154,46): warning C4244: аргумент: преобразование "double" в "int", возможна потеря данных
C:\Users\playe\source\repos\Kurs_work\Kurs_work.cpp(154,28): warning C4244: аргумент: преобразование "double" в "int", возможна потеря данных
C:\Users\playe\source\repos\Kurs_work\Kurs_work.cpp(155,82): warning C4244: аргумент: преобразование "double" в "int", возможна потеря данных
C:\Users\playe\source\repos\Kurs_work\Kurs_work.cpp(155,64): warning C4244: аргумент: преобразование "double" в "int", возможна потеря данных
C:\Users\playe\source\repos\Kurs_work\Kurs_work.cpp(155,46): warning C4244: аргумент: преобразование "double" в "int", возможна потеря данных
C:\Users\playe\source\repos\Kurs_work\Kurs_work.cpp(155,28): warning C4244: аргумент: преобразование "double" в "int", возможна потеря данных
C:\Users\playe\source\repos\Kurs_work\Kurs_work.cpp(156,82): warning C4244: аргумент: преобразование "double" в "int", возможна потеря данных
C:\Users\playe\source\repos\Kurs_work\Kurs_work.cpp(156,64): warning C4244: аргумент: преобразование "double" в "int", возможна потеря данных
C:\Users\playe\source\repos\Kurs_work\Kurs_work.cpp(156,46): warning C4244: аргумент: преобразование "double" в "int", возможна потеря данных
C:\Users\playe\source\repos\Kurs_work\Kurs_work.cpp(156,28): warning C4244: аргумент: преобразование "double" в "int", возможна потеря данных
C:\Users\playe\source\repos\Kurs_work\Kurs_work.cpp(157,82): warning C4244: аргумент: преобразование "double" в "int", возможна потеря данных
C:\Users\playe\source\repos\Kurs_work\Kurs_work.cpp(157,64): warning C4244: аргумент: преобразование "double" в "int", возможна потеря данных
C:\Users\playe\source\repos\Kurs_work\Kurs_work.cpp(157,46): warning C4244: аргумент: преобразование "double" в "int", возможна потеря данных
C:\Users\playe\source\repos\Kurs_work\Kurs_work.cpp(157,28): warning C4244: аргумент: преобразование "double" в "int", возможна потеря данных
C:\Users\playe\source\repos\Kurs_work\Kurs_work.cpp(159,82): warning C4244: аргумент: преобразование "double" в "int", возможна потеря данных
C:\Users\playe\source\repos\Kurs_work\Kurs_work.cpp(159,64): warning C4244: аргумент: преобразование "double" в "int", возможна потеря данных
C:\Users\playe\source\repos\Kurs_work\Kurs_work.cpp(159,46): warning C4244: аргумент: преобразование "double" в "int", возможна потеря данных
C:\Users\playe\source\repos\Kurs_work\Kurs_work.cpp(159,28): warning C4244: аргумент: преобразование "double" в "int", возможна потеря данных
C:\Users\playe\source\repos\Kurs_work\Kurs_work.cpp(160,82): warning C4244: аргумент: преобразование "double" в "int", возможна потеря данных
C:\Users\playe\source\repos\Kurs_work\Kurs_work.cpp(160,64): warning C4244: аргумент: преобразование "double" в "int", возможна потеря данных
C:\Users\playe\source\repos\Kurs_work\Kurs_work.cpp(160,46): warning C4244: аргумент: преобразование "double" в "int", возможна потеря данных
C:\Users\playe\source\repos\Kurs_work\Kurs_work.cpp(160,28): warning C4244: аргумент: преобразование "double" в "int", возможна потеря данных
C:\Users\playe\source\repos\Kurs_work\Kurs_work.cpp(161,82): warning C4244: аргумент: преобразование "double" в "int", возможна потеря данных
C:\Users\playe\source\repos\Kurs_work\Kurs_work.cpp(161,64): warning C4244: аргумент: преобразование "double" в "int", возможна потеря данных
C:\Users\playe\source\repos\Kurs_work\Kurs_work.cpp(161,46): warning C4244: аргумент: преобразование "double" в "int", возможна потеря данных
C:\Users\playe\source\repos\Kurs_work\Kurs_work.cpp(161,28): warning C4244: аргумент: преобразование "double" в "int", возможна потеря данных
C:\Users\playe\source\repos\Kurs_work\Kurs_work.cpp(162,82): warning C4244: аргумент: преобразование "double" в "int", возможна потеря данных
C:\Users\playe\source\repos\Kurs_work\Kurs_work.cpp(162,64): warning C4244: аргумент: преобразование "double" в "int", возможна потеря данных
C:\Users\playe\source\repos\Kurs_work\Kurs_work.cpp(162,46): warning C4244: аргумент: преобразование "double" в "int", возможна потеря данных
C:\Users\playe\source\repos\Kurs_work\Kurs_work.cpp(162,28): warning C4244: аргумент: преобразование "double" в "int", возможна потеря данных
C:\Users\playe\source\repos\Kurs_work\Kurs_work.cpp(164,82): warning C4244: аргумент: преобразование "double" в "int", возможна потеря данных
C:\Users\playe\source\repos\Kurs_work\Kurs_work.cpp(164,64): warning C4244: аргумент: преобразование "double" в "int", возможна потеря данных
C:\Users\playe\source\repos\Kurs_work\Kurs_work.cpp(164,46): warning C4244: аргумент: преобразование "double" в "int", возможна потеря данных
C:\Users\playe\source\repos\Kurs_work\Kurs_work.cpp(164,28): warning C4244: аргумент: преобразование "double" в "int", возможна потеря данных
C:\Users\playe\source\repos\Kurs_work\Kurs_work.cpp(165,82): warning C4244: аргумент: преобразование "double" в "int", возможна потеря данных
C:\Users\playe\source\repos\Kurs_work\Kurs_work.cpp(165,64): warning C4244: аргумент: преобразование "double" в "int", возможна потеря данных
C:\Users\playe\source\repos\Kurs_work\Kurs_work.cpp(165,46): warning C4244: аргумент: преобразование "double" в "int", возможна потеря данных
C:\Users\playe\source\repos\Kurs_work\Kurs_work.cpp(165,28): warning C4244: аргумент: преобразование "double" в "int", возможна потеря данных
C:\Users\playe\source\repos\Kurs_work\Kurs_work.cpp(167,82): warning C4244: аргумент: преобразование "double" в "int", возможна потеря данных
C:\Users\playe\source\repos\Kurs_work\Kurs_work.cpp(167,64): warning C4244: аргумент: преобразование "double" в "int", возможна потеря данных
C:\Users\playe\source\repos\Kurs_work\Kurs_work.cpp(167,46): warning C4244: аргумент: преобразование "double" в "int", возможна потеря данных
C:\Users\playe\source\repos\Kurs_work\Kurs_work.cpp(167,28): warning C4244: аргумент: преобразование "double" в "int", возможна потеря данных
C:\Users\playe\source\repos\Kurs_work\Kurs_work.cpp(168,82): warning C4244: аргумент: преобразование "double" в "int", возможна потеря данных
C:\Users\playe\source\repos\Kurs_work\Kurs_work.cpp(168,64): warning C4244: аргумент: преобразование "double" в "int", возможна потеря данных
C:\Users\playe\source\repos\Kurs_work\Kurs_work.cpp(168,46): warning C4244: аргумент: преобразование "double" в "int", возможна потеря данных
C:\Users\playe\source\repos\Kurs_work\Kurs_work.cpp(168,28): warning C4244: аргумент: преобразование "double" в "int", возможна потеря данных
C:\Users\playe\source\repos\Kurs_work\Kurs_work.cpp(375,91): warning C4244: аргумент: преобразование "double" в "int", возможна потеря данных
C:\Users\playe\source\repos\Kurs_work\Kurs_work.cpp(375,71): warning C4244: аргумент: преобразование "double" в "int", возможна потеря данных
C:\Users\playe\source\repos\Kurs_work\Kurs_work.cpp(375,51): warning C4244: аргумент: преобразование "double" в "int", возможна потеря данных
C:\Users\playe\source\repos\Kurs_work\Kurs_work.cpp(375,31): warning C4244: аргумент: преобразование "double" в "int", возможна потеря данных
C:\Users\playe\source\repos\Kurs_work\Kurs_work.cpp(376,91): warning C4244: аргумент: преобразование "double" в "int", возможна потеря данных
C:\Users\playe\source\repos\Kurs_work\Kurs_work.cpp(376,71): warning C4244: аргумент: преобразование "double" в "int", возможна потеря данных
C:\Users\playe\source\repos\Kurs_work\Kurs_work.cpp(376,51): warning C4244: аргумент: преобразование "double" в "int", возможна потеря данных
C:\Users\playe\source\repos\Kurs_work\Kurs_work.cpp(376,31): warning C4244: аргумент: преобразование "double" в "int", возможна потеря данных
C:\Users\playe\source\repos\Kurs_work\Kurs_work.cpp(377,91): warning C4244: аргумент: преобразование "double" в "int", возможна потеря данных
C:\Users\playe\source\repos\Kurs_work\Kurs_work.cpp(377,71): warning C4244: аргумент: преобразование "double" в "int", возможна потеря данных
C:\Users\playe\source\repos\Kurs_work\Kurs_work.cpp(377,51): warning C4244: аргумент: преобразование "double" в "int", возможна потеря данных
C:\Users\playe\source\repos\Kurs_work\Kurs_work.cpp(377,31): warning C4244: аргумент: преобразование "double" в "int", возможна потеря данных
C:\Users\playe\source\repos\Kurs_work\Kurs_work.cpp(378,91): warning C4244: аргумент: преобразование "double" в "int", возможна потеря данных
C:\Users\playe\source\repos\Kurs_work\Kurs_work.cpp(378,71): warning C4244: аргумент: преобразование "double" в "int", возможна потеря данных
C:\Users\playe\source\repos\Kurs_work\Kurs_work.cpp(378,51): warning C4244: аргумент: преобразование "double" в "int", возможна потеря данных
C:\Users\playe\source\repos\Kurs_work\Kurs_work.cpp(378,31): warning C4244: аргумент: преобразование "double" в "int", возможна потеря данных
C:\Users\playe\source\repos\Kurs_work\Kurs_work.cpp(382,82): warning C4244: аргумент: преобразование "double" в "int", возможна потеря данных
C:\Users\playe\source\repos\Kurs_work\Kurs_work.cpp(382,64): warning C4244: аргумент: преобразование "double" в "int", возможна потеря данных
C:\Users\playe\source\repos\Kurs_work\Kurs_work.cpp(382,46): warning C4244: аргумент: преобразование "double" в "int", возможна потеря данных
C:\Users\playe\source\repos\Kurs_work\Kurs_work.cpp(382,28): warning C4244: аргумент: преобразование "double" в "int", возможна потеря данных
C:\Users\playe\source\repos\Kurs_work\Kurs_work.cpp(383,82): warning C4244: аргумент: преобразование "double" в "int", возможна потеря данных
C:\Users\playe\source\repos\Kurs_work\Kurs_work.cpp(383,64): warning C4244: аргумент: преобразование "double" в "int", возможна потеря данных
C:\Users\playe\source\repos\Kurs_work\Kurs_work.cpp(383,46): warning C4244: аргумент: преобразование "double" в "int", возможна потеря данных
C:\Users\playe\source\repos\Kurs_work\Kurs_work.cpp(383,28): warning C4244: аргумент: преобразование "double" в "int", возможна потеря данных
C:\Users\playe\source\repos\Kurs_work\Kurs_work.cpp(384,82): warning C4244: аргумент: преобразование "double" в "int", возможна потеря данных
C:\Users\playe\source\repos\Kurs_work\Kurs_work.cpp(384,64): warning C4244: аргумент: преобразование "double" в "int", возможна потеря данных
C:\Users\playe\source\repos\Kurs_work\Kurs_work.cpp(384,46): warning C4244: аргумент: преобразование "double" в "int", возможна потеря данных
C:\Users\playe\source\repos\Kurs_work\Kurs_work.cpp(384,28): warning C4244: аргумент: преобразование "double" в "int", возможна потеря данных
C:\Users\playe\source\repos\Kurs_work\Kurs_work.cpp(385,82): warning C4244: аргумент: преобразование "double" в "int", возможна потеря данных
C:\Users\playe\source\repos\Kurs_work\Kurs_work.cpp(385,64): warning C4244: аргумент: преобразование "double" в "int", возможна потеря данных
C:\Users\playe\source\repos\Kurs_work\Kurs_work.cpp(385,46): warning C4244: аргумент: преобразование "double" в "int", возможна потеря данных
C:\Users\playe\source\repos\Kurs_work\Kurs_work.cpp(385,28): warning C4244: аргумент: преобразование "double" в "int", возможна потеря данных
C:\Users\playe\source\repos\Kurs_work\Kurs_work.cpp(387,82): warning C4244: аргумент: преобразование "double" в "int", возможна потеря данных
C:\Users\playe\source\repos\Kurs_work\Kurs_work.cpp(387,64): warning C4244: аргумент: преобразование "double" в "int", возможна потеря данных
C:\Users\playe\source\repos\Kurs_work\Kurs_work.cpp(387,46): warning C4244: аргумент: преобразование "double" в "int", возможна потеря данных
C:\Users\playe\source\repos\Kurs_work\Kurs_work.cpp(387,28): warning C4244: аргумент: преобразование "double" в "int", возможна потеря данных
C:\Users\playe\source\repos\Kurs_work\Kurs_work.cpp(388,82): warning C4244: аргумент: преобразование "double" в "int", возможна потеря данных
C:\Users\playe\source\repos\Kurs_work\Kurs_work.cpp(388,64): warning C4244: аргумент: преобразование "double" в "int", возможна потеря данных
C:\Users\playe\source\repos\Kurs_work\Kurs_work.cpp(388,46): warning C4244: аргумент: преобразование "double" в "int", возможна потеря данных
C:\Users\playe\source\repos\Kurs_work\Kurs_work.cpp(388,28): warning C4244: аргумент: преобразование "double" в "int", возможна потеря данных
C:\Users\playe\source\repos\Kurs_work\Kurs_work.cpp(389,82): warning C4244: аргумент: преобразование "double" в "int", возможна потеря данных
C:\Users\playe\source\repos\Kurs_work\Kurs_work.cpp(389,64): warning C4244: аргумент: преобразование "double" в "int", возможна потеря данных
C:\Users\playe\source\repos\Kurs_work\Kurs_work.cpp(389,46): warning C4244: аргумент: преобразование "double" в "int", возможна потеря данных
C:\Users\playe\source\repos\Kurs_work\Kurs_work.cpp(389,28): warning C4244: аргумент: преобразование "double" в "int", возможна потеря данных
C:\Users\playe\source\repos\Kurs_work\Kurs_work.cpp(390,82): warning C4244: аргумент: преобразование "double" в "int", возможна потеря данных
C:\Users\playe\source\repos\Kurs_work\Kurs_work.cpp(390,64): warning C4244: аргумент: преобразование "double" в "int", возможна потеря данных
C:\Users\playe\source\repos\Kurs_work\Kurs_work.cpp(390,46): warning C4244: аргумент: преобразование "double" в "int", возможна потеря данных
C:\Users\playe\source\repos\Kurs_work\Kurs_work.cpp(390,28): warning C4244: аргумент: преобразование "double" в "int", возможна потеря данных
C:\Users\playe\source\repos\Kurs_work\Kurs_work.cpp(393,82): warning C4244: аргумент: преобразование "double" в "int", возможна потеря данных
C:\Users\playe\source\repos\Kurs_work\Kurs_work.cpp(393,64): warning C4244: аргумент: преобразование "double" в "int", возможна потеря данных
C:\Users\playe\source\repos\Kurs_work\Kurs_work.cpp(393,46): warning C4244: аргумент: преобразование "double" в "int", возможна потеря данных
C:\Users\playe\source\repos\Kurs_work\Kurs_work.cpp(393,28): warning C4244: аргумент: преобразование "double" в "int", возможна потеря данных
C:\Users\playe\source\repos\Kurs_work\Kurs_work.cpp(394,82): warning C4244: аргумент: преобразование "double" в "int", возможна потеря данных
C:\Users\playe\source\repos\Kurs_work\Kurs_work.cpp(394,64): warning C4244: аргумент: преобразование "double" в "int", возможна потеря данных
C:\Users\playe\source\repos\Kurs_work\Kurs_work.cpp(394,46): warning C4244: аргумент: преобразование "double" в "int", возможна потеря данных
C:\Users\playe\source\repos\Kurs_work\Kurs_work.cpp(394,28): warning C4244: аргумент: преобразование "double" в "int", возможна потеря данных
C:\Users\playe\source\repos\Kurs_work\Kurs_work.cpp(396,82): warning C4244: аргумент: преобразование "double" в "int", возможна потеря данных
C:\Users\playe\source\repos\Kurs_work\Kurs_work.cpp(396,64): warning C4244: аргумент: преобразование "double" в "int", возможна потеря данных
C:\Users\playe\source\repos\Kurs_work\Kurs_work.cpp(396,46): warning C4244: аргумент: преобразование "double" в "int", возможна потеря данных
C:\Users\playe\source\repos\Kurs_work\Kurs_work.cpp(396,28): warning C4244: аргумент: преобразование "double" в "int", возможна потеря данных
C:\Users\playe\source\repos\Kurs_work\Kurs_work.cpp(397,82): warning C4244: аргумент: преобразование "double" в "int", возможна потеря данных
C:\Users\playe\source\repos\Kurs_work\Kurs_work.cpp(397,64): warning C4244: аргумент: преобразование "double" в "int", возможна потеря данных
C:\Users\playe\source\repos\Kurs_work\Kurs_work.cpp(397,46): warning C4244: аргумент: преобразование "double" в "int", возможна потеря данных
C:\Users\playe\source\repos\Kurs_work\Kurs_work.cpp(397,28): warning C4244: аргумент: преобразование "double" в "int", возможна потеря данных
C:\Users\playe\source\repos\Kurs_work\Kurs_work.cpp(601,91): warning C4244: аргумент: преобразование "double" в "int", возможна потеря данных
C:\Users\playe\source\repos\Kurs_work\Kurs_work.cpp(601,71): warning C4244: аргумент: преобразование "double" в "int", возможна потеря данных
C:\Users\playe\source\repos\Kurs_work\Kurs_work.cpp(601,51): warning C4244: аргумент: преобразование "double" в "int", возможна потеря данных
C:\Users\playe\source\repos\Kurs_work\Kurs_work.cpp(601,31): warning C4244: аргумент: преобразование "double" в "int", возможна потеря данных
C:\Users\playe\source\repos\Kurs_work\Kurs_work.cpp(602,91): warning C4244: аргумент: преобразование "double" в "int", возможна потеря данных
C:\Users\playe\source\repos\Kurs_work\Kurs_work.cpp(602,71): warning C4244: аргумент: преобразование "double" в "int", возможна потеря данных
C:\Users\playe\source\repos\Kurs_work\Kurs_work.cpp(602,51): warning C4244: аргумент: преобразование "double" в "int", возможна потеря данных
C:\Users\playe\source\repos\Kurs_work\Kurs_work.cpp(602,31): warning C4244: аргумент: преобразование "double" в "int", возможна потеря данных
C:\Users\playe\source\repos\Kurs_work\Kurs_work.cpp(603,91): warning C4244: аргумент: преобразование "double" в "int", возможна потеря данных
C:\Users\playe\source\repos\Kurs_work\Kurs_work.cpp(603,71): warning C4244: аргумент: преобразование "double" в "int", возможна потеря данных
C:\Users\playe\source\repos\Kurs_work\Kurs_work.cpp(603,51): warning C4244: аргумент: преобразование "double" в "int", возможна потеря данных
C:\Users\playe\source\repos\Kurs_work\Kurs_work.cpp(603,31): warning C4244: аргумент: преобразование "double" в "int", возможна потеря данных
C:\Users\playe\source\repos\Kurs_work\Kurs_work.cpp(604,91): warning C4244: аргумент: преобразование "double" в "int", возможна потеря данных
C:\Users\playe\source\repos\Kurs_work\Kurs_work.cpp(604,71): warning C4244: аргумент: преобразование "double" в "int", возможна потеря данных
C:\Users\playe\source\repos\Kurs_work\Kurs_work.cpp(604,51): warning C4244: аргумент: преобразование "double" в "int", возможна потеря данных
C:\Users\playe\source\repos\Kurs_work\Kurs_work.cpp(604,31): warning C4244: аргумент: преобразование "double" в "int", возможна потеря данных
C:\Users\playe\source\repos\Kurs_work\Kurs_work.cpp(730,9): warning C4838: Преобразование из "int" в "double" требует сужающего преобразования.
C:\Users\playe\source\repos\Kurs_work\Kurs_work.cpp(730,13): warning C4838: Преобразование из "int" в "double" требует сужающего преобразования.
C:\Users\playe\source\repos\Kurs_work\Kurs_work.cpp(730,17): warning C4838: Преобразование из "int" в "double" требует сужающего преобразования.
  Kurs_work.vcxproj -> C:\Users\playe\source\repos\Kurs_work\Debug\Kurs_work.exe
